<?xml version="1.0" encoding="UTF-8"?>
<!-- Generated by org.testng.reporters.JUnitReportReporter -->
<testsuite hostname="Ashwini" failures="0" tests="2" name="testLayer.LoginTest" time="16.196" errors="0" timestamp="2022-11-29T00:42:59 EST" skipped="0">
  <testcase classname="testLayer.LoginTest" name="Title" time="3.218"/>
  <system-out/>
  <testcase classname="testLayer.LoginTest" name="Login" time="12.978"/>
  <system-out/>
</testsuite> <!-- testLayer.LoginTest -->
