<?xml version="1.0" encoding="UTF-8"?>
<!-- Generated by org.testng.reporters.JUnitReportReporter -->
<testsuite hostname="Ashwini" failures="0" tests="1" name="testLayer.AddressModuleTest" time="40.633" errors="0" timestamp="2022-12-02T15:35:39 EST" skipped="0">
  <testcase classname="testLayer.AddressModuleTest" name="AddressModule" time="40.633"/>
  <system-out/>
</testsuite> <!-- testLayer.AddressModuleTest -->
